<?xml version="1.0" encoding="UTF-8"?>
<robot generator="Robot 4.1.1 (Python 3.10.0 on darwin)" generated="20211019 16:31:39.352" rpa="false" schemaversion="2">
<suite id="s1" name="Prvni Ukol" source="/Users/mariansopoliga/PycharmProjects/Prvni projekt/prvni_ukol.robot">
<test id="s1-t1" name="Prvni test pozitivní">
<kw name="Run" library="OperatingSystem">
<arg>help</arg>
<doc>Runs the given command in the system and returns the output.</doc>
<msg timestamp="20211019 16:31:39.404" level="INFO">Running command 'help 2&gt;&amp;1'.</msg>
<status status="PASS" starttime="20211019 16:31:39.399" endtime="20211019 16:31:39.405"/>
</kw>
<status status="PASS" starttime="20211019 16:31:39.399" endtime="20211019 16:31:39.405"/>
</test>
<test id="s1-t2" name="Prvni test negativní">
<kw name="Run" library="OperatingSystem">
<arg>help hello</arg>
<doc>Runs the given command in the system and returns the output.</doc>
<msg timestamp="20211019 16:31:39.408" level="INFO">Running command 'help hello 2&gt;&amp;1'.</msg>
<status status="PASS" starttime="20211019 16:31:39.406" endtime="20211019 16:31:39.410"/>
</kw>
<status status="PASS" starttime="20211019 16:31:39.406" endtime="20211019 16:31:39.410"/>
</test>
<status status="PASS" starttime="20211019 16:31:39.355" endtime="20211019 16:31:39.411"/>
</suite>
<statistics>
<total>
<stat pass="2" fail="0" skip="0">All Tests</stat>
</total>
<tag>
</tag>
<suite>
<stat pass="2" fail="0" skip="0" id="s1" name="Prvni Ukol">Prvni Ukol</stat>
</suite>
</statistics>
<errors>
</errors>
</robot>
